SF:lib\features\tasks\domain\entities\task.dart
DA:11,1
DA:20,1
DA:28,1
DA:29,1
DA:30,0
DA:31,1
DA:32,1
DA:33,1
DA:34,1
DA:38,1
DA:39,1
DA:40,1
DA:41,1
DA:42,1
DA:43,1
DA:44,1
DA:45,1
LF:17
LH:16
end_of_record
SF:lib\features\tasks\domain\usecases\add_task.dart
DA:7,1
DA:9,1
DA:10,2
LF:3
LH:3
end_of_record
SF:lib\features\tasks\domain\usecases\get_all_tasks.dart
DA:7,1
DA:9,1
DA:10,2
LF:3
LH:3
end_of_record
SF:lib\features\tasks\domain\usecases\update_task.dart
DA:7,1
DA:9,1
DA:10,2
LF:3
LH:3
end_of_record
SF:lib\features\tasks\domain\usecases\delete_task.dart
DA:6,1
DA:8,1
DA:9,2
LF:3
LH:3
end_of_record
SF:lib\features\tasks\domain\usecases\search_tasks.dart
DA:7,1
DA:9,1
DA:10,2
LF:3
LH:3
end_of_record
SF:lib\main.dart
DA:8,0
DA:9,0
DA:10,0
DA:11,0
DA:12,0
DA:13,0
DA:14,0
DA:22,1
DA:26,1
DA:28,2
DA:30,1
DA:32,1
DA:33,1
DA:35,2
LF:14
LH:7
end_of_record
SF:lib\core\constants\app_constants.dart
DA:35,0
DA:36,0
DA:38,0
DA:39,0
LF:4
LH:0
end_of_record
SF:lib\core\components\empty_state_widget.dart
DA:9,1
DA:17,1
DA:19,1
DA:20,1
DA:22,1
DA:23,5
DA:25,1
DA:26,1
DA:27,4
DA:28,3
DA:32,3
DA:34,4
LF:12
LH:12
end_of_record
SF:lib\core\components\error_widget.dart
DA:7,1
DA:9,1
DA:11,1
DA:12,1
DA:14,1
DA:16,1
DA:17,1
DA:20,3
DA:23,1
DA:24,1
DA:25,3
DA:28,2
DA:30,1
DA:31,1
LF:14
LH:14
end_of_record
SF:lib\core\components\labeled_text_field.dart
DA:7,1
DA:30,1
DA:32,1
DA:33,1
DA:34,1
DA:35,1
DA:36,1
DA:37,1
DA:38,1
DA:40,1
DA:41,1
DA:42,1
DA:43,1
LF:13
LH:13
end_of_record
SF:lib\core\components\loading_widget.dart
DA:6,2
DA:8,1
DA:10,1
DA:11,1
DA:13,1
DA:15,2
DA:17,5
LF:7
LH:7
end_of_record
SF:lib\core\components\search_field.dart
DA:11,1
DA:26,1
DA:28,1
DA:29,1
DA:30,1
DA:31,1
DA:34,1
DA:35,2
DA:38,3
DA:40,1
LF:10
LH:10
end_of_record
SF:lib\application\router\app_router.dart
DA:12,1
DA:13,1
DA:14,2
DA:15,2
DA:16,2
LF:5
LH:5
end_of_record
SF:lib\features\splash\presentation\pages\splash_page.dart
DA:9,1
DA:11,0
DA:12,0
DA:20,0
DA:22,0
DA:25,0
DA:30,0
DA:33,0
DA:36,0
DA:39,0
DA:40,0
DA:41,0
DA:45,0
DA:47,0
DA:48,0
DA:51,0
DA:53,0
DA:54,0
DA:55,0
DA:56,0
DA:57,0
DA:58,0
DA:59,0
DA:60,0
DA:61,0
DA:62,0
DA:66,0
DA:69,0
DA:70,0
DA:72,0
DA:73,0
DA:75,0
DA:77,0
LF:33
LH:1
end_of_record
SF:lib\features\tasks\presentation\pages\add_edit_task_page.dart
DA:14,0
DA:16,0
DA:17,0
DA:26,0
DA:28,0
DA:29,0
DA:30,0
DA:31,0
DA:35,0
DA:37,0
DA:38,0
DA:39,0
DA:42,0
DA:44,0
DA:45,0
DA:49,0
DA:50,0
DA:54,0
DA:55,0
DA:56,0
DA:57,0
DA:58,0
DA:59,0
DA:60,0
DA:63,0
DA:64,0
DA:66,0
DA:69,0
DA:70,0
DA:71,0
DA:72,0
DA:73,0
DA:74,0
DA:83,0
DA:84,0
DA:85,0
DA:86,0
DA:87,0
DA:92,0
DA:93,0
DA:94,0
DA:100,0
DA:102,0
DA:103,0
DA:104,0
DA:105,0
DA:106,0
DA:107,0
DA:118,0
DA:119,0
DA:125,0
DA:126,0
DA:127,0
DA:129,0
DA:130,0
DA:131,0
DA:136,0
DA:137,0
DA:140,0
DA:145,0
DA:148,0
DA:149,0
DA:156,0
DA:157,0
DA:162,0
DA:165,0
DA:167,0
DA:168,0
DA:170,0
DA:177,0
LF:70
LH:0
end_of_record
SF:lib\features\tasks\presentation\pages\task_list_page.dart
DA:16,1
DA:18,0
DA:19,0
DA:25,0
DA:27,0
DA:28,0
DA:31,0
DA:32,0
DA:33,0
DA:36,0
DA:38,0
DA:39,0
DA:42,0
DA:44,0
DA:50,0
DA:51,0
DA:53,0
DA:54,0
DA:56,0
DA:58,0
DA:61,0
DA:63,0
DA:65,0
DA:66,0
DA:68,0
DA:69,0
DA:70,0
DA:71,0
DA:73,0
DA:78,0
DA:79,0
DA:80,0
DA:81,0
DA:83,0
DA:87,0
DA:89,0
DA:90,0
DA:95,0
DA:97,0
DA:98,0
DA:99,0
DA:100,0
DA:102,0
DA:104,0
DA:105,0
DA:106,0
DA:107,0
DA:112,0
DA:114,0
DA:115,0
DA:116,0
DA:119,0
DA:120,0
DA:126,0
DA:127,0
DA:128,0
DA:130,0
DA:133,0
DA:134,0
DA:135,0
DA:138,0
DA:139,0
DA:140,0
DA:141,0
DA:149,0
DA:150,0
DA:151,0
DA:152,0
LF:68
LH:1
end_of_record
SF:lib\application\theme\app_theme.dart
DA:4,1
DA:5,1
DA:7,1
DA:12,1
DA:14,2
DA:16,1
DA:17,2
DA:23,1
DA:24,1
DA:26,2
DA:32,1
DA:33,1
DA:35,1
DA:40,1
DA:42,2
DA:44,1
DA:45,2
DA:51,1
DA:52,1
DA:54,2
LF:20
LH:20
end_of_record
SF:lib\application\theme\theme_notifier.dart
DA:8,2
DA:9,1
DA:12,1
DA:13,1
DA:14,0
DA:16,0
DA:20,0
DA:21,0
DA:23,0
DA:24,0
DA:27,0
DA:31,0
DA:32,0
DA:33,0
DA:34,0
DA:37,0
DA:38,0
DA:39,0
DA:42,0
DA:44,0
DA:46,0
DA:48,0
DA:53,0
DA:55,0
DA:56,0
DA:61,3
DA:62,2
LF:27
LH:6
end_of_record
SF:lib\features\tasks\data\datasources\local\database_helper.dart
DA:6,0
DA:9,0
DA:11,0
DA:13,0
DA:17,0
DA:18,0
DA:19,0
DA:21,0
DA:24,0
DA:28,0
DA:29,0
DA:41,0
DA:42,0
DA:43,0
LF:14
LH:0
end_of_record
SF:lib\features\tasks\data\datasources\task_local_datasource.dart
DA:17,0
DA:19,0
DA:22,0
DA:23,0
DA:27,0
DA:29,0
DA:33,0
DA:36,0
DA:37,0
DA:40,0
DA:42,0
DA:43,0
DA:45,0
DA:47,0
DA:51,0
DA:54,0
DA:55,0
DA:57,0
DA:61,0
DA:64,0
DA:65,0
DA:67,0
DA:69,0
DA:72,0
DA:76,0
DA:79,0
DA:80,0
DA:83,0
DA:86,0
DA:90,0
DA:93,0
DA:94,0
DA:97,0
DA:100,0
DA:102,0
LF:35
LH:0
end_of_record
SF:lib\features\tasks\data\models\task_model.dart
DA:4,0
DA:13,0
DA:14,0
DA:15,0
DA:16,0
DA:17,0
DA:18,0
DA:19,0
DA:21,0
DA:22,0
DA:27,0
DA:28,0
DA:29,0
DA:30,0
DA:31,0
DA:32,0
DA:33,0
DA:34,0
DA:38,0
DA:39,0
DA:40,0
DA:41,0
DA:42,0
DA:43,0
DA:44,0
DA:45,0
LF:26
LH:0
end_of_record
SF:lib\features\tasks\data\repositories\task_repository_impl.dart
DA:9,0
DA:11,0
DA:14,0
DA:16,0
DA:20,0
DA:23,0
DA:25,0
DA:29,0
DA:32,0
DA:33,0
DA:35,0
DA:39,0
DA:42,0
DA:43,0
DA:45,0
DA:49,0
DA:52,0
DA:54,0
DA:58,0
DA:61,0
DA:62,0
DA:64,0
DA:66,0
LF:23
LH:0
end_of_record
SF:lib\features\tasks\presentation\providers\task_providers.dart
DA:15,0
DA:16,0
DA:20,0
DA:21,0
DA:22,0
DA:26,0
DA:27,0
DA:28,0
DA:32,0
DA:33,0
DA:34,0
DA:37,0
DA:38,0
DA:39,0
DA:42,0
DA:43,0
DA:44,0
DA:47,0
DA:48,0
DA:49,0
DA:52,0
DA:53,0
DA:54,0
DA:58,0
DA:59,0
DA:60,0
DA:61,0
DA:62,0
DA:63,0
DA:64,0
DA:66,0
DA:76,0
DA:85,0
DA:91,0
DA:92,0
DA:95,0
DA:96,0
DA:98,0
DA:99,0
DA:101,0
DA:105,0
DA:107,0
DA:108,0
DA:110,0
DA:114,0
DA:116,0
DA:117,0
DA:119,0
DA:123,0
DA:125,0
DA:126,0
DA:128,0
DA:132,0
DA:133,0
DA:134,0
DA:138,0
DA:140,0
DA:141,0
DA:143,0
DA:147,0
DA:148,0
DA:149,0
DA:150,0
DA:152,0
LF:64
LH:0
end_of_record
SF:lib\features\tasks\presentation\widgets\task_item.dart
DA:10,0
DA:18,0
DA:20,0
DA:22,0
DA:24,0
DA:25,0
DA:26,0
DA:28,0
DA:29,0
DA:30,0
DA:31,0
DA:37,0
DA:39,0
DA:41,0
DA:42,0
DA:45,0
DA:47,0
DA:51,0
DA:52,0
DA:53,0
DA:54,0
DA:59,0
DA:61,0
DA:62,0
DA:64,0
DA:67,0
DA:69,0
DA:71,0
DA:75,0
DA:80,0
DA:81,0
DA:82,0
DA:84,0
DA:85,0
DA:86,0
DA:89,0
DA:91,0
DA:92,0
DA:94,0
DA:95,0
DA:97,0
LF:41
LH:0
end_of_record
